<?xml version="1.0" encoding="UTF-8"?>
<testng-results ignored="0" total="2" passed="2" failed="0" skipped="0">
  <reporter-output>
  </reporter-output>
  <suite started-at="2022-08-20T17:31:41 EDT" name="Suite1" finished-at="2022-08-20T17:31:50 EDT" duration-ms="8550">
    <groups>
      <group name="cucumber">
        <method signature="AbstractTestNGCucumberTests.runScenario(io.cucumber.testng.PickleWrapper, io.cucumber.testng.FeatureWrapper)[pri:0, instance:com.careerhack.runners.TestRunners@769f71a9]" name="runScenario" class="io.cucumber.testng.AbstractTestNGCucumberTests"/>
      </group> <!-- cucumber -->
    </groups>
    <test started-at="2022-08-20T17:31:41 EDT" name="Nopackage" finished-at="2022-08-20T17:31:50 EDT" duration-ms="8550">
      <class name="com.careerhack.runners.TestRunners">
        <test-method is-config="true" signature="setUpClass(org.testng.ITestContext)[pri:0, instance:com.careerhack.runners.TestRunners@769f71a9]" started-at="2022-08-20T17:31:41 EDT" name="setUpClass" finished-at="2022-08-20T17:31:41 EDT" duration-ms="316" status="PASS">
          <params>
            <param index="0">
              <value>
                <![CDATA[org.testng.TestRunner@30a7c98f]]>
              </value>
            </param>
          </params>
          <reporter-output>
          </reporter-output>
        </test-method> <!-- setUpClass -->
        <test-method signature="runScenario(io.cucumber.testng.PickleWrapper, io.cucumber.testng.FeatureWrapper)[pri:0, instance:com.careerhack.runners.TestRunners@769f71a9]" started-at="2022-08-20T17:31:41 EDT" name="runScenario" description="Runs Cucumber Scenarios" data-provider="scenarios" finished-at="2022-08-20T17:31:47 EDT" duration-ms="5336" status="PASS">
          <params>
            <param index="0">
              <value>
                <![CDATA["simple search"]]>
              </value>
            </param>
            <param index="1">
              <value>
                <![CDATA["Google Search"]]>
              </value>
            </param>
          </params>
          <reporter-output>
          </reporter-output>
        </test-method> <!-- runScenario -->
        <test-method signature="runScenario(io.cucumber.testng.PickleWrapper, io.cucumber.testng.FeatureWrapper)[pri:0, instance:com.careerhack.runners.TestRunners@769f71a9]" started-at="2022-08-20T17:31:47 EDT" name="runScenario" description="Runs Cucumber Scenarios" data-provider="scenarios" finished-at="2022-08-20T17:31:50 EDT" duration-ms="2841" status="PASS">
          <params>
            <param index="0">
              <value>
                <![CDATA["simple search"]]>
              </value>
            </param>
            <param index="1">
              <value>
                <![CDATA["Google Search"]]>
              </value>
            </param>
          </params>
          <reporter-output>
          </reporter-output>
        </test-method> <!-- runScenario -->
        <test-method is-config="true" signature="tearDownClass()[pri:0, instance:com.careerhack.runners.TestRunners@769f71a9]" started-at="2022-08-20T17:31:50 EDT" name="tearDownClass" finished-at="2022-08-20T17:31:50 EDT" duration-ms="10" status="PASS">
          <reporter-output>
          </reporter-output>
        </test-method> <!-- tearDownClass -->
      </class> <!-- com.careerhack.runners.TestRunners -->
    </test> <!-- Nopackage -->
  </suite> <!-- Suite1 -->
</testng-results>
